[ 2026-06-13 12:22:25,319] 1025 httpx -INFO - HTTP Request: GET https://dagshub.com/api/v1/user "HTTP/1.1 200 OK"
[ 2026-06-13 12:22:25,319] 107 dagshub -INFO - Accessing as Adityananche22
[ 2026-06-13 12:22:32,603] 1025 httpx -INFO - HTTP Request: GET https://dagshub.com/api/v1/repos/Adityananche22/networksecurity "HTTP/1.1 200 OK"
[ 2026-06-13 12:22:41,179] 1025 httpx -INFO - HTTP Request: GET https://dagshub.com/api/v1/user "HTTP/1.1 200 OK"
[ 2026-06-13 12:22:41,179] 107 dagshub -INFO - Initialized MLflow to track repo "Adityananche22/networksecurity"
[ 2026-06-13 12:22:41,179] 107 dagshub -INFO - Repository Adityananche22/networksecurity initialized!
[ 2026-06-13 12:22:46,626] 31 root -INFO - Data Ingestion Started
[ 2026-06-13 12:22:46,628] 120 root -INFO - Started Data Ingestion
[ 2026-06-13 12:22:46,628] 33 root -INFO - Reading data from MongoDB database: ADITYAAI, collection: NetworkData
[ 2026-06-13 12:22:50,957] 48 root -INFO - Fetched 1000 rows and 31 columns from MongoDB
[ 2026-06-13 12:22:50,957] 72 root -INFO - Data exported to feature store: Artifacts\06_13_2026_12_22_09\data_ingestion\feature_store\phishingData.csv
[ 2026-06-13 12:22:50,957] 89 root -INFO - Performed train-test split on the dataframe
[ 2026-06-13 12:22:50,973] 111 root -INFO - Exported train and test datasets successfully
[ 2026-06-13 12:22:50,973] 133 root -INFO - Data Ingestion Completed
[ 2026-06-13 12:22:50,980] 48 root -INFO - Data Ingestion Completed
[ 2026-06-13 12:22:50,980] 53 root -INFO - Data Validation Started
[ 2026-06-13 12:22:51,265] 51 root -INFO - Number of columns in dataframe: 31
[ 2026-06-13 12:22:51,265] 51 root -INFO - Number of columns in dataframe: 31
[ 2026-06-13 12:22:51,385] 71 root -INFO - Data Validation Completed
[ 2026-06-13 12:22:51,385] 76 root -INFO - Data Transformation Started
[ 2026-06-13 12:22:51,385] 91 root -INFO - Entered initiate_data_transformation method
[ 2026-06-13 12:22:51,393] 103 root -INFO - Train DataFrame Shape: (800, 31)
[ 2026-06-13 12:22:51,393] 107 root -INFO - Test DataFrame Shape: (200, 31)
[ 2026-06-13 12:22:51,396] 135 root -INFO - Obtaining preprocessing object
[ 2026-06-13 12:22:51,396] 58 root -INFO - Entered get_data_transformer_object method
[ 2026-06-13 12:22:51,396] 66 root -INFO - KNN Imputer initialized with params: {'missing_values': nan, 'n_neighbors': 3, 'weights': 'uniform'}
[ 2026-06-13 12:22:51,396] 77 root -INFO - Pipeline created successfully
[ 2026-06-13 12:22:51,408] 165 root -INFO - Saving transformed train array
[ 2026-06-13 12:22:51,521] 174 root -INFO - Saving transformed test array
[ 2026-06-13 12:22:51,521] 183 root -INFO - Saving preprocessing object
[ 2026-06-13 12:22:51,521] 65 root -INFO - Entered save_object method
[ 2026-06-13 12:22:51,536] 72 root -INFO - Exited save_object method
[ 2026-06-13 12:22:51,536] 200 root -INFO - Data Transformation Artifact: DataTransformationArtifact(transformed_object_file_path='Artifacts\\06_13_2026_12_22_09\\data_transformation\\preprocessing.pkl', transformed_train_file_path='Artifacts\\06_13_2026_12_22_09\\data_transformation\\train.npy', transformed_test_file_path='Artifacts\\06_13_2026_12_22_09\\data_transformation\\test.npy')
[ 2026-06-13 12:22:51,536] 94 root -INFO - Data Transformation Completed
[ 2026-06-13 12:22:51,536] 99 root -INFO - Model Training Started
[ 2026-06-13 12:22:51,536] 309 root -INFO - Loading transformed train and test arrays
[ 2026-06-13 12:22:51,552] 175 root -INFO - Evaluating models
[ 2026-06-13 12:22:56,950] 142 root -INFO - Random Forest Train Score: 1.0 Test Score: 0.5892335619201292
[ 2026-06-13 12:22:57,013] 142 root -INFO - Decision Tree Train Score: 1.0 Test Score: 0.5557760814249363
[ 2026-06-13 12:23:00,515] 142 root -INFO - Gradient Boosting Train Score: 0.5292999202693126 Test Score: 0.5830205278592375
[ 2026-06-13 12:23:00,560] 142 root -INFO - Logistic Regression Train Score: 0.6127116289628631 Test Score: 0.6433543359310231
[ 2026-06-13 12:23:07,328] 142 root -INFO - AdaBoost Train Score: 0.5706049991709502 Test Score: 0.618332426056977
[ 2026-06-13 12:23:07,328] 186 root -INFO - Model Report: {'Random Forest': 0.5892335619201292, 'Decision Tree': 0.5557760814249363, 'Gradient Boosting': 0.5830205278592375, 'Logistic Regression': 0.6433543359310231, 'AdaBoost': 0.618332426056977}
[ 2026-06-13 12:23:07,328] 201 root -INFO - Best Model Found: Logistic Regression with score: 0.6433543359310231
[ 2026-06-13 12:23:23,480] 92 root -INFO - Successfully logged model to MLflow
[ 2026-06-13 12:23:24,213] 249 root -INFO - Train Metric: ClassificationMetricArtifact(f1_score=0.23853211009174313, precision_score=0.6964285714285714, recall_score=0.14391143911439114)
[ 2026-06-13 12:23:24,213] 253 root -INFO - Test Metric: ClassificationMetricArtifact(f1_score=0.21621621621621623, precision_score=0.5333333333333333, recall_score=0.13559322033898305)
[ 2026-06-13 12:23:24,214] 65 root -INFO - Entered save_object method
[ 2026-06-13 12:23:24,215] 72 root -INFO - Exited save_object method
[ 2026-06-13 12:23:24,215] 290 root -INFO - Model Trainer Artifact: ModelTrainerArtifact(trained_model_file_path='Artifacts\\06_13_2026_12_22_09\\model_trainer\\trained_model\\model.pkl', train_metric_artifact=ClassificationMetricArtifact(f1_score=0.23853211009174313, precision_score=0.6964285714285714, recall_score=0.14391143911439114), test_metric_artifact=ClassificationMetricArtifact(f1_score=0.21621621621621623, precision_score=0.5333333333333333, recall_score=0.13559322033898305))
[ 2026-06-13 12:23:24,215] 336 root -INFO - Model training completed successfully
[ 2026-06-13 12:23:24,216] 117 root -INFO - Model Training Completed
