[ 2026-06-13 12:31:40,356] 1025 httpx -INFO - HTTP Request: GET https://dagshub.com/api/v1/user "HTTP/1.1 200 OK"
[ 2026-06-13 12:31:40,379] 107 dagshub -INFO - Accessing as Adityananche22
[ 2026-06-13 12:31:46,657] 1025 httpx -INFO - HTTP Request: GET https://dagshub.com/api/v1/repos/Adityananche22/networksecurity "HTTP/1.1 200 OK"
[ 2026-06-13 12:31:51,914] 1025 httpx -INFO - HTTP Request: GET https://dagshub.com/api/v1/user "HTTP/1.1 200 OK"
[ 2026-06-13 12:31:51,916] 107 dagshub -INFO - Initialized MLflow to track repo "Adityananche22/networksecurity"
[ 2026-06-13 12:31:51,916] 107 dagshub -INFO - Repository Adityananche22/networksecurity initialized!
[ 2026-06-13 12:31:52,899] 31 root -INFO - Data Ingestion Started
[ 2026-06-13 12:31:52,951] 120 root -INFO - Started Data Ingestion
[ 2026-06-13 12:31:52,951] 33 root -INFO - Reading data from MongoDB database: ADITYAAI, collection: NetworkData
[ 2026-06-13 12:31:53,570] 48 root -INFO - Fetched 1000 rows and 31 columns from MongoDB
[ 2026-06-13 12:31:53,578] 72 root -INFO - Data exported to feature store: Artifacts\06_13_2026_12_31_34\data_ingestion\feature_store\phishingData.csv
[ 2026-06-13 12:31:53,580] 89 root -INFO - Performed train-test split on the dataframe
[ 2026-06-13 12:31:53,593] 111 root -INFO - Exported train and test datasets successfully
[ 2026-06-13 12:31:53,593] 133 root -INFO - Data Ingestion Completed
[ 2026-06-13 12:31:53,593] 48 root -INFO - Data Ingestion Completed
[ 2026-06-13 12:31:53,594] 53 root -INFO - Data Validation Started
[ 2026-06-13 12:31:53,604] 51 root -INFO - Number of columns in dataframe: 31
[ 2026-06-13 12:31:53,604] 51 root -INFO - Number of columns in dataframe: 31
[ 2026-06-13 12:31:53,656] 71 root -INFO - Data Validation Completed
[ 2026-06-13 12:31:53,656] 76 root -INFO - Data Transformation Started
[ 2026-06-13 12:31:53,656] 91 root -INFO - Entered initiate_data_transformation method
[ 2026-06-13 12:31:53,661] 103 root -INFO - Train DataFrame Shape: (800, 31)
[ 2026-06-13 12:31:53,661] 107 root -INFO - Test DataFrame Shape: (200, 31)
[ 2026-06-13 12:31:53,663] 135 root -INFO - Obtaining preprocessing object
[ 2026-06-13 12:31:53,663] 58 root -INFO - Entered get_data_transformer_object method
[ 2026-06-13 12:31:53,663] 66 root -INFO - KNN Imputer initialized with params: {'missing_values': nan, 'n_neighbors': 3, 'weights': 'uniform'}
[ 2026-06-13 12:31:53,664] 77 root -INFO - Pipeline created successfully
[ 2026-06-13 12:31:53,694] 165 root -INFO - Saving transformed train array
[ 2026-06-13 12:31:53,699] 174 root -INFO - Saving transformed test array
[ 2026-06-13 12:31:53,702] 183 root -INFO - Saving preprocessing object
[ 2026-06-13 12:31:53,702] 65 root -INFO - Entered save_object method
[ 2026-06-13 12:31:53,703] 72 root -INFO - Exited save_object method
