[ 2026-06-13 13:34:17,656] 1025 httpx -INFO - HTTP Request: GET https://dagshub.com/api/v1/user "HTTP/1.1 200 OK"
[ 2026-06-13 13:34:17,666] 107 dagshub -INFO - Accessing as Adityananche22
[ 2026-06-13 13:34:18,478] 1025 httpx -INFO - HTTP Request: GET https://dagshub.com/api/v1/repos/Adityananche22/networksecurity "HTTP/1.1 200 OK"
[ 2026-06-13 13:34:19,240] 1025 httpx -INFO - HTTP Request: GET https://dagshub.com/api/v1/user "HTTP/1.1 200 OK"
[ 2026-06-13 13:34:19,240] 107 dagshub -INFO - Initialized MLflow to track repo "Adityananche22/networksecurity"
[ 2026-06-13 13:34:19,240] 107 dagshub -INFO - Repository Adityananche22/networksecurity initialized!
[ 2026-06-13 13:36:05,585] 38 root -INFO - Starting Data Ingestion
[ 2026-06-13 13:36:05,585] 120 root -INFO - Started Data Ingestion
[ 2026-06-13 13:36:05,585] 33 root -INFO - Reading data from MongoDB database: ADITYAAI, collection: NetworkData
[ 2026-06-13 13:36:09,320] 48 root -INFO - Fetched 1000 rows and 31 columns from MongoDB
[ 2026-06-13 13:36:09,333] 72 root -INFO - Data exported to feature store: Artifacts\06_13_2026_13_34_13\data_ingestion\feature_store\phishingData.csv
[ 2026-06-13 13:36:09,338] 89 root -INFO - Performed train-test split on the dataframe
[ 2026-06-13 13:36:09,808] 111 root -INFO - Exported train and test datasets successfully
[ 2026-06-13 13:36:09,808] 133 root -INFO - Data Ingestion Completed
[ 2026-06-13 13:36:09,808] 48 root -INFO - Data Ingestion Completed: DataIngestionArtifact(trained_file_path='Artifacts\\06_13_2026_13_34_13\\data_ingestion\\ingested\\train.csv', test_file_path='Artifacts\\06_13_2026_13_34_13\\data_ingestion\\ingested\\test.csv')
[ 2026-06-13 13:36:09,818] 71 root -INFO - Starting Data Validation
[ 2026-06-13 13:36:09,826] 51 root -INFO - Number of columns in dataframe: 31
[ 2026-06-13 13:36:09,826] 51 root -INFO - Number of columns in dataframe: 31
[ 2026-06-13 13:36:09,888] 91 root -INFO - Entered initiate_data_transformation method
[ 2026-06-13 13:36:09,895] 103 root -INFO - Train DataFrame Shape: (800, 31)
[ 2026-06-13 13:36:09,895] 107 root -INFO - Test DataFrame Shape: (200, 31)
[ 2026-06-13 13:36:09,900] 137 root -INFO - Obtaining preprocessing object
[ 2026-06-13 13:36:09,900] 58 root -INFO - Entered get_data_transformer_object method
[ 2026-06-13 13:36:09,901] 66 root -INFO - KNN Imputer initialized with params: {'missing_values': nan, 'n_neighbors': 3, 'weights': 'uniform'}
[ 2026-06-13 13:36:09,901] 77 root -INFO - Pipeline created successfully
[ 2026-06-13 13:36:09,902] 145 root -INFO - Applying preprocessing on train data
[ 2026-06-13 13:36:09,940] 155 root -INFO - Applying preprocessing on test data
[ 2026-06-13 13:36:09,986] 175 root -INFO - Saving transformed train array
[ 2026-06-13 13:36:09,988] 184 root -INFO - Saving transformed test array
[ 2026-06-13 13:36:09,992] 193 root -INFO - Saving preprocessing object
[ 2026-06-13 13:36:09,992] 65 root -INFO - Entered save_object method
[ 2026-06-13 13:36:09,993] 72 root -INFO - Exited save_object method
[ 2026-06-13 13:36:09,994] 65 root -INFO - Entered save_object method
[ 2026-06-13 13:36:09,995] 72 root -INFO - Exited save_object method
[ 2026-06-13 13:36:09,998] 221 root -INFO - Data Transformation Artifact: DataTransformationArtifact(transformed_object_file_path='Artifacts\\06_13_2026_13_34_13\\data_transformation\\preprocessing.pkl', transformed_train_file_path='Artifacts\\06_13_2026_13_34_13\\data_transformation\\train.npy', transformed_test_file_path='Artifacts\\06_13_2026_13_34_13\\data_transformation\\test.npy')
[ 2026-06-13 13:36:10,002] 311 root -INFO - Loading transformed train and test arrays
[ 2026-06-13 13:36:10,003] 175 root -INFO - Evaluating models
[ 2026-06-13 13:36:22,813] 142 root -INFO - Random Forest Train Score: 1.0 Test Score: 0.5867538034006876
[ 2026-06-13 13:36:22,958] 142 root -INFO - Decision Tree Train Score: 1.0 Test Score: 0.584747206549397
[ 2026-06-13 13:36:31,156] 142 root -INFO - Gradient Boosting Train Score: 0.5264127163280662 Test Score: 0.5830205278592375
[ 2026-06-13 13:36:31,236] 142 root -INFO - Logistic Regression Train Score: 0.6127116289628631 Test Score: 0.6433543359310231
[ 2026-06-13 13:36:44,901] 142 root -INFO - AdaBoost Train Score: 0.5706049991709502 Test Score: 0.618332426056977
[ 2026-06-13 13:36:44,902] 186 root -INFO - Model Report: {'Random Forest': 0.5867538034006876, 'Decision Tree': 0.584747206549397, 'Gradient Boosting': 0.5830205278592375, 'Logistic Regression': 0.6433543359310231, 'AdaBoost': 0.618332426056977}
[ 2026-06-13 13:36:44,902] 201 root -INFO - Best Model Found: Logistic Regression with score: 0.6433543359310231
[ 2026-06-13 13:37:22,376] 92 root -INFO - Successfully logged model to MLflow
[ 2026-06-13 13:37:23,028] 249 root -INFO - Train Metric: ClassificationMetricArtifact(f1_score=0.23853211009174313, precision_score=0.6964285714285714, recall_score=0.14391143911439114)
[ 2026-06-13 13:37:23,028] 253 root -INFO - Test Metric: ClassificationMetricArtifact(f1_score=0.21621621621621623, precision_score=0.5333333333333333, recall_score=0.13559322033898305)
[ 2026-06-13 13:37:23,030] 65 root -INFO - Entered save_object method
[ 2026-06-13 13:37:23,032] 72 root -INFO - Exited save_object method
[ 2026-06-13 13:37:23,032] 65 root -INFO - Entered save_object method
[ 2026-06-13 13:37:23,033] 72 root -INFO - Exited save_object method
[ 2026-06-13 13:37:23,033] 292 root -INFO - Model Trainer Artifact: ModelTrainerArtifact(trained_model_file_path='Artifacts\\06_13_2026_13_34_13\\model_trainer\\trained_model\\model.pkl', train_metric_artifact=ClassificationMetricArtifact(f1_score=0.23853211009174313, precision_score=0.6964285714285714, recall_score=0.14391143911439114), test_metric_artifact=ClassificationMetricArtifact(f1_score=0.21621621621621623, precision_score=0.5333333333333333, recall_score=0.13559322033898305))
[ 2026-06-13 13:37:23,033] 338 root -INFO - Model training completed successfully
