[ 2026-06-12 22:41:02,092] 161 numexpr.utils -INFO - NumExpr defaulting to 4 threads.
[ 2026-06-12 22:41:11,564] 31 root -INFO - Data Ingestion Started
[ 2026-06-12 22:41:11,564] 120 root -INFO - Started Data Ingestion
[ 2026-06-12 22:41:11,564] 33 root -INFO - Reading data from MongoDB database: ADITYAAI, collection: NetworkData
[ 2026-06-12 22:41:15,292] 48 root -INFO - Fetched 1000 rows and 31 columns from MongoDB
[ 2026-06-12 22:41:15,300] 72 root -INFO - Data exported to feature store: Artifacts\06_12_2026_22_41_02\data_ingestion\feature_store\phishingData.csv
[ 2026-06-12 22:41:15,345] 89 root -INFO - Performed train-test split on the dataframe
[ 2026-06-12 22:41:15,489] 111 root -INFO - Exported train and test datasets successfully
[ 2026-06-12 22:41:15,489] 133 root -INFO - Data Ingestion Completed
[ 2026-06-12 22:41:15,489] 48 root -INFO - Data Ingestion Completed
[ 2026-06-12 22:41:15,489] 53 root -INFO - Data Validation Started
[ 2026-06-12 22:41:15,613] 51 root -INFO - Number of columns in dataframe: 31
[ 2026-06-12 22:41:15,613] 51 root -INFO - Number of columns in dataframe: 31
[ 2026-06-12 22:41:15,668] 71 root -INFO - Data Validation Completed
[ 2026-06-12 22:41:15,668] 76 root -INFO - Data Transformation Started
[ 2026-06-12 22:41:15,669] 91 root -INFO - Entered initiate_data_transformation method
[ 2026-06-12 22:41:15,673] 103 root -INFO - Train DataFrame Shape: (800, 31)
[ 2026-06-12 22:41:15,674] 107 root -INFO - Test DataFrame Shape: (200, 31)
[ 2026-06-12 22:41:15,675] 135 root -INFO - Obtaining preprocessing object
[ 2026-06-12 22:41:15,675] 58 root -INFO - Entered get_data_transformer_object method
[ 2026-06-12 22:41:15,675] 66 root -INFO - KNN Imputer initialized with params: {'missing_values': nan, 'n_neighbors': 3, 'weights': 'uniform'}
[ 2026-06-12 22:41:15,675] 77 root -INFO - Pipeline created successfully
[ 2026-06-12 22:41:15,679] 165 root -INFO - Saving transformed train array
[ 2026-06-12 22:41:15,683] 174 root -INFO - Saving transformed test array
[ 2026-06-12 22:41:15,685] 183 root -INFO - Saving preprocessing object
[ 2026-06-12 22:41:15,685] 65 root -INFO - Entered save_object method
[ 2026-06-12 22:41:15,686] 72 root -INFO - Exited save_object method
[ 2026-06-12 22:41:15,686] 200 root -INFO - Data Transformation Artifact: DataTransformationArtifact(transformed_object_file_path='Artifacts\\06_12_2026_22_41_02\\data_transformation\\preprocessing.pkl', transformed_train_file_path='Artifacts\\06_12_2026_22_41_02\\data_transformation\\train.npy', transformed_test_file_path='Artifacts\\06_12_2026_22_41_02\\data_transformation\\test.npy')
[ 2026-06-12 22:41:15,686] 94 root -INFO - Data Transformation Completed
[ 2026-06-12 22:41:15,686] 99 root -INFO - Model Training Started
[ 2026-06-12 22:41:15,686] 192 root -INFO - Loading transformed train and test arrays
[ 2026-06-12 22:41:15,687] 92 root -INFO - Evaluating models
[ 2026-06-12 22:41:23,303] 142 root -INFO - Random Forest Train Score: 1.0 Test Score: 0.5893682000381752
[ 2026-06-12 22:41:23,359] 142 root -INFO - Decision Tree Train Score: 1.0 Test Score: 0.584747206549397
[ 2026-06-12 22:41:27,732] 142 root -INFO - Gradient Boosting Train Score: 0.5264127163280662 Test Score: 0.5830205278592375
[ 2026-06-12 22:41:28,932] 142 root -INFO - Logistic Regression Train Score: 0.611327149321267 Test Score: 0.628430583501006
[ 2026-06-12 22:41:37,665] 142 root -INFO - AdaBoost Train Score: 0.5706049991709502 Test Score: 0.618332426056977
[ 2026-06-12 22:41:37,666] 103 root -INFO - Model Report : {'Random Forest': 0.5893682000381752, 'Decision Tree': 0.584747206549397, 'Gradient Boosting': 0.5830205278592375, 'Logistic Regression': 0.628430583501006, 'AdaBoost': 0.618332426056977}
[ 2026-06-12 22:41:37,666] 114 root -INFO - Best Model Found : Logistic Regression with score : 0.628430583501006
