[ 2026-06-12 22:54:42,309] 161 numexpr.utils -INFO - NumExpr defaulting to 4 threads.
[ 2026-06-12 22:54:48,452] 31 root -INFO - Data Ingestion Started
[ 2026-06-12 22:54:48,452] 120 root -INFO - Started Data Ingestion
[ 2026-06-12 22:54:48,452] 33 root -INFO - Reading data from MongoDB database: ADITYAAI, collection: NetworkData
[ 2026-06-12 22:54:50,274] 48 root -INFO - Fetched 1000 rows and 31 columns from MongoDB
[ 2026-06-12 22:54:50,281] 72 root -INFO - Data exported to feature store: Artifacts\06_12_2026_22_54_42\data_ingestion\feature_store\phishingData.csv
[ 2026-06-12 22:54:50,282] 89 root -INFO - Performed train-test split on the dataframe
[ 2026-06-12 22:54:50,296] 111 root -INFO - Exported train and test datasets successfully
[ 2026-06-12 22:54:50,296] 133 root -INFO - Data Ingestion Completed
[ 2026-06-12 22:54:50,297] 48 root -INFO - Data Ingestion Completed
[ 2026-06-12 22:54:50,297] 53 root -INFO - Data Validation Started
[ 2026-06-12 22:54:50,307] 51 root -INFO - Number of columns in dataframe: 31
[ 2026-06-12 22:54:50,307] 51 root -INFO - Number of columns in dataframe: 31
[ 2026-06-12 22:54:50,384] 71 root -INFO - Data Validation Completed
[ 2026-06-12 22:54:50,384] 76 root -INFO - Data Transformation Started
[ 2026-06-12 22:54:50,384] 91 root -INFO - Entered initiate_data_transformation method
[ 2026-06-12 22:54:50,393] 103 root -INFO - Train DataFrame Shape: (800, 31)
[ 2026-06-12 22:54:50,394] 107 root -INFO - Test DataFrame Shape: (200, 31)
[ 2026-06-12 22:54:50,397] 135 root -INFO - Obtaining preprocessing object
[ 2026-06-12 22:54:50,397] 58 root -INFO - Entered get_data_transformer_object method
[ 2026-06-12 22:54:50,397] 66 root -INFO - KNN Imputer initialized with params: {'missing_values': nan, 'n_neighbors': 3, 'weights': 'uniform'}
[ 2026-06-12 22:54:50,397] 77 root -INFO - Pipeline created successfully
[ 2026-06-12 22:54:50,407] 165 root -INFO - Saving transformed train array
[ 2026-06-12 22:54:50,410] 174 root -INFO - Saving transformed test array
[ 2026-06-12 22:54:50,411] 183 root -INFO - Saving preprocessing object
[ 2026-06-12 22:54:50,411] 65 root -INFO - Entered save_object method
[ 2026-06-12 22:54:50,412] 72 root -INFO - Exited save_object method
[ 2026-06-12 22:54:50,412] 200 root -INFO - Data Transformation Artifact: DataTransformationArtifact(transformed_object_file_path='Artifacts\\06_12_2026_22_54_42\\data_transformation\\preprocessing.pkl', transformed_train_file_path='Artifacts\\06_12_2026_22_54_42\\data_transformation\\train.npy', transformed_test_file_path='Artifacts\\06_12_2026_22_54_42\\data_transformation\\test.npy')
[ 2026-06-12 22:54:50,413] 94 root -INFO - Data Transformation Completed
[ 2026-06-12 22:54:50,413] 99 root -INFO - Model Training Started
[ 2026-06-12 22:54:50,413] 221 root -INFO - Loading transformed train and test arrays
[ 2026-06-12 22:54:50,414] 117 root -INFO - Evaluating models
[ 2026-06-12 22:54:57,432] 142 root -INFO - Random Forest Train Score: 1.0 Test Score: 0.6080665901262916
[ 2026-06-12 22:54:57,483] 142 root -INFO - Decision Tree Train Score: 1.0 Test Score: 0.5522788137681754
[ 2026-06-12 22:55:03,519] 142 root -INFO - Gradient Boosting Train Score: 0.5264127163280662 Test Score: 0.5830205278592375
[ 2026-06-12 22:55:03,936] 142 root -INFO - Logistic Regression Train Score: 0.611327149321267 Test Score: 0.628430583501006
[ 2026-06-12 22:55:16,541] 142 root -INFO - AdaBoost Train Score: 0.5706049991709502 Test Score: 0.618332426056977
[ 2026-06-12 22:55:16,541] 128 root -INFO - Model Report : {'Random Forest': 0.6080665901262916, 'Decision Tree': 0.5522788137681754, 'Gradient Boosting': 0.5830205278592375, 'Logistic Regression': 0.628430583501006, 'AdaBoost': 0.618332426056977}
[ 2026-06-12 22:55:16,542] 139 root -INFO - Best Model Found : Logistic Regression with score : 0.628430583501006
[ 2026-06-12 22:55:34,225] 175 root -INFO - Train Metric : ClassificationMetricArtifact(f1_score=0.23384615384615384, precision_score=0.7037037037037037, recall_score=0.14022140221402213)
[ 2026-06-12 22:55:34,225] 176 root -INFO - Test Metric : ClassificationMetricArtifact(f1_score=0.16901408450704225, precision_score=0.5, recall_score=0.1016949152542373)
[ 2026-06-12 22:55:34,226] 65 root -INFO - Entered save_object method
[ 2026-06-12 22:55:34,227] 72 root -INFO - Exited save_object method
[ 2026-06-12 22:55:34,227] 209 root -INFO - Model Trainer Artifact : ModelTrainerArtifact(trained_model_file_path='Artifacts\\06_12_2026_22_54_42\\model_trainer\\trained_model\\model.pkl', train_metric_artifact=ClassificationMetricArtifact(f1_score=0.23384615384615384, precision_score=0.7037037037037037, recall_score=0.14022140221402213), test_metric_artifact=ClassificationMetricArtifact(f1_score=0.16901408450704225, precision_score=0.5, recall_score=0.1016949152542373))
[ 2026-06-12 22:55:34,228] 246 root -INFO - Model training completed successfully
[ 2026-06-12 22:55:34,231] 117 root -INFO - Model Training Completed
